2022-04-25 09:04:32,280 [Worker-2: Loading available Gradle versions] INFO  o.e.b.c.i.u.g.PublishedGradleVersions - Gradle version information cache is up-to-date. Trying to read.
2022-04-25 09:20:08,376 [Worker-5: Enabling Maven Dependency Management] INFO  o.e.m.c.i.l.LifecycleMappingFactory - Using org.maven.ide.eclipse.wtp.WarLifecycleMapping lifecycle mapping for MavenProject: SpringMVCWithORM:SpringMVCWithORM:0.0.1-SNAPSHOT @ D:\Desktop\Mphasis Client Session\Mentor Session 3\Workspace\SpringMVCWithORM\pom.xml.
2022-04-25 09:20:10,384 [Worker-30: Building] WARN  o.e.m.c.i.embedder.EclipseLogger - Using platform encoding (Cp1252 actually) to copy filtered resources, i.e. build is platform dependent!
2022-04-25 09:20:10,385 [Worker-30: Building] INFO  o.e.m.c.i.embedder.EclipseLogger - skip non existing resourceDirectory D:\Desktop\Mphasis Client Session\Mentor Session 3\Workspace\SpringMVCWithORM\src\main\resources
2022-04-25 09:20:10,390 [Worker-30: Building] WARN  o.e.m.c.i.embedder.EclipseLogger - Using platform encoding (Cp1252 actually) to copy filtered resources, i.e. build is platform dependent!
2022-04-25 09:20:10,391 [Worker-30: Building] INFO  o.e.m.c.i.embedder.EclipseLogger - skip non existing resourceDirectory D:\Desktop\Mphasis Client Session\Mentor Session 3\Workspace\SpringMVCWithORM\src\test\resources
2022-04-25 09:20:10,408 [Worker-5: Enabling Maven Dependency Management] INFO  o.e.m.j.i.AbstractJavaProjectConfigurator - Adding source folder /SpringMVCWithORM/src
2022-04-25 09:20:10,409 [Worker-5: Enabling Maven Dependency Management] INFO  o.e.m.j.i.AbstractJavaProjectConfigurator - Not adding source folder /SpringMVCWithORM/src/test/java because it overlaps with /SpringMVCWithORM/src
2022-04-25 09:20:11,033 [Worker-5: Enabling Maven Dependency Management] INFO  o.e.m.c.i.p.ProjectConfigurationManager - Update started
2022-04-25 09:20:11,396 [Worker-5: Enabling Maven Dependency Management] INFO  o.e.m.c.i.l.LifecycleMappingFactory - Using org.maven.ide.eclipse.wtp.WarLifecycleMapping lifecycle mapping for MavenProject: SpringMVCWithORM:SpringMVCWithORM:0.0.1-SNAPSHOT @ D:\Desktop\Mphasis Client Session\Mentor Session 3\Workspace\SpringMVCWithORM\pom.xml.
2022-04-25 09:20:12,193 [Worker-5: Enabling Maven Dependency Management] INFO  o.e.m.j.i.AbstractJavaProjectConfigurator - Adding source folder /SpringMVCWithORM/src
2022-04-25 09:20:12,194 [Worker-5: Enabling Maven Dependency Management] INFO  o.e.m.j.i.AbstractJavaProjectConfigurator - Not adding source folder /SpringMVCWithORM/src/test/java because it overlaps with /SpringMVCWithORM/src
2022-04-25 09:20:12,647 [Worker-5: Enabling Maven Dependency Management] INFO  o.e.m.w.i.f.ResourceFilteringBuildParticipant - Cleaning filtered folder for SpringMVCWithORM
2022-04-25 09:20:12,675 [Worker-5: Enabling Maven Dependency Management] INFO  o.e.m.c.i.p.ProjectConfigurationManager - Update completed: 1 sec
2022-04-25 09:20:12,812 [Worker-31: Building] WARN  o.e.m.c.i.embedder.EclipseLogger - Using platform encoding (Cp1252 actually) to copy filtered resources, i.e. build is platform dependent!
2022-04-25 09:20:12,813 [Worker-31: Building] INFO  o.e.m.c.i.embedder.EclipseLogger - skip non existing resourceDirectory D:\Desktop\Mphasis Client Session\Mentor Session 3\Workspace\SpringMVCWithORM\src\main\resources
2022-04-25 09:20:12,815 [Worker-31: Building] WARN  o.e.m.c.i.embedder.EclipseLogger - Using platform encoding (Cp1252 actually) to copy filtered resources, i.e. build is platform dependent!
2022-04-25 09:20:12,816 [Worker-31: Building] INFO  o.e.m.c.i.embedder.EclipseLogger - skip non existing resourceDirectory D:\Desktop\Mphasis Client Session\Mentor Session 3\Workspace\SpringMVCWithORM\src\test\resources
2022-04-25 09:20:12,816 [Worker-31: Building] INFO  o.e.m.w.i.f.ResourceFilteringBuildParticipant - Changed resources require a complete clean of filtered resources of SpringMVCWithORM
2022-04-25 09:20:12,817 [Worker-31: Building] INFO  o.e.m.w.i.f.ResourceFilteringBuildParticipant - Executing resource filtering for SpringMVCWithORM
2022-04-25 09:20:12,843 [Worker-31: Building] WARN  o.e.m.c.i.embedder.EclipseLogger - Using platform encoding (Cp1252 actually) to copy filtered resources, i.e. build is platform dependent!
2022-04-25 09:20:28,403 [Worker-37: Building] INFO  o.e.m.c.i.l.LifecycleMappingFactory - Using org.maven.ide.eclipse.wtp.WarLifecycleMapping lifecycle mapping for MavenProject: SpringMVCWithORM:SpringMVCWithORM:0.0.1-SNAPSHOT @ D:\Desktop\Mphasis Client Session\Mentor Session 3\Workspace\SpringMVCWithORM\pom.xml.
2022-04-25 09:20:29,047 [Worker-37: Building] WARN  o.e.m.c.i.embedder.EclipseLogger - Using platform encoding (Cp1252 actually) to copy filtered resources, i.e. build is platform dependent!
2022-04-25 09:20:29,048 [Worker-37: Building] INFO  o.e.m.c.i.embedder.EclipseLogger - skip non existing resourceDirectory D:\Desktop\Mphasis Client Session\Mentor Session 3\Workspace\SpringMVCWithORM\src\main\resources
2022-04-25 09:20:29,050 [Worker-37: Building] WARN  o.e.m.c.i.embedder.EclipseLogger - Using platform encoding (Cp1252 actually) to copy filtered resources, i.e. build is platform dependent!
2022-04-25 09:20:29,051 [Worker-37: Building] INFO  o.e.m.c.i.embedder.EclipseLogger - skip non existing resourceDirectory D:\Desktop\Mphasis Client Session\Mentor Session 3\Workspace\SpringMVCWithORM\src\test\resources
2022-04-25 09:20:29,052 [Worker-37: Building] INFO  o.e.m.w.i.f.ResourceFilteringBuildParticipant - Changed resources require a complete clean of filtered resources of SpringMVCWithORM
2022-04-25 09:20:29,052 [Worker-37: Building] INFO  o.e.m.w.i.f.ResourceFilteringBuildParticipant - Executing resource filtering for SpringMVCWithORM
2022-04-25 09:20:29,057 [Worker-37: Building] WARN  o.e.m.c.i.embedder.EclipseLogger - Using platform encoding (Cp1252 actually) to copy filtered resources, i.e. build is platform dependent!
2022-04-25 09:22:23,974 [Worker-31: Building] INFO  o.e.m.c.i.l.LifecycleMappingFactory - Using org.maven.ide.eclipse.wtp.WarLifecycleMapping lifecycle mapping for MavenProject: SpringMVCWithORM:SpringMVCWithORM:0.0.1-SNAPSHOT @ D:\Desktop\Mphasis Client Session\Mentor Session 3\Workspace\SpringMVCWithORM\pom.xml.
2022-04-25 09:22:25,114 [Worker-31: Building] WARN  o.e.m.c.i.embedder.EclipseLogger - Using platform encoding (Cp1252 actually) to copy filtered resources, i.e. build is platform dependent!
2022-04-25 09:22:25,114 [Worker-31: Building] INFO  o.e.m.c.i.embedder.EclipseLogger - skip non existing resourceDirectory D:\Desktop\Mphasis Client Session\Mentor Session 3\Workspace\SpringMVCWithORM\src\main\resources
2022-04-25 09:22:25,116 [Worker-31: Building] WARN  o.e.m.c.i.embedder.EclipseLogger - Using platform encoding (Cp1252 actually) to copy filtered resources, i.e. build is platform dependent!
2022-04-25 09:22:25,116 [Worker-31: Building] INFO  o.e.m.c.i.embedder.EclipseLogger - skip non existing resourceDirectory D:\Desktop\Mphasis Client Session\Mentor Session 3\Workspace\SpringMVCWithORM\src\test\resources
2022-04-25 09:22:25,124 [Worker-31: Building] INFO  o.e.m.w.i.f.ResourceFilteringBuildParticipant - Changed resources require a complete clean of filtered resources of SpringMVCWithORM
2022-04-25 09:22:25,124 [Worker-31: Building] INFO  o.e.m.w.i.f.ResourceFilteringBuildParticipant - Executing resource filtering for SpringMVCWithORM
2022-04-25 09:22:25,129 [Worker-31: Building] WARN  o.e.m.c.i.embedder.EclipseLogger - Using platform encoding (Cp1252 actually) to copy filtered resources, i.e. build is platform dependent!
2022-04-25 09:22:30,875 [Worker-32: Updating Maven Project] INFO  o.e.m.c.i.p.ProjectConfigurationManager - Update started
2022-04-25 09:22:31,233 [Worker-32: Updating Maven Project] INFO  o.e.m.c.i.l.LifecycleMappingFactory - Using org.maven.ide.eclipse.wtp.WarLifecycleMapping lifecycle mapping for MavenProject: SpringMVCWithORM:SpringMVCWithORM:0.0.1-SNAPSHOT @ D:\Desktop\Mphasis Client Session\Mentor Session 3\Workspace\SpringMVCWithORM\pom.xml.
2022-04-25 09:22:31,859 [Worker-32: Updating Maven Project] INFO  o.e.m.j.i.AbstractJavaProjectConfigurator - Adding source folder /SpringMVCWithORM/src
2022-04-25 09:22:31,859 [Worker-32: Updating Maven Project] INFO  o.e.m.j.i.AbstractJavaProjectConfigurator - Not adding source folder /SpringMVCWithORM/src/test/java because it overlaps with /SpringMVCWithORM/src
2022-04-25 09:22:32,402 [Worker-32: Updating Maven Project] INFO  o.e.m.w.i.f.ResourceFilteringBuildParticipant - Cleaning filtered folder for SpringMVCWithORM
2022-04-25 09:22:32,413 [Worker-32: Updating Maven Project] INFO  o.e.m.c.i.p.ProjectConfigurationManager - Update completed: 1 sec
2022-04-25 09:22:32,776 [Worker-32: Building] WARN  o.e.m.c.i.embedder.EclipseLogger - Using platform encoding (Cp1252 actually) to copy filtered resources, i.e. build is platform dependent!
2022-04-25 09:22:32,777 [Worker-32: Building] INFO  o.e.m.c.i.embedder.EclipseLogger - skip non existing resourceDirectory D:\Desktop\Mphasis Client Session\Mentor Session 3\Workspace\SpringMVCWithORM\src\main\resources
2022-04-25 09:22:32,779 [Worker-32: Building] WARN  o.e.m.c.i.embedder.EclipseLogger - Using platform encoding (Cp1252 actually) to copy filtered resources, i.e. build is platform dependent!
2022-04-25 09:22:32,779 [Worker-32: Building] INFO  o.e.m.c.i.embedder.EclipseLogger - skip non existing resourceDirectory D:\Desktop\Mphasis Client Session\Mentor Session 3\Workspace\SpringMVCWithORM\src\test\resources
2022-04-25 09:22:32,780 [Worker-32: Building] INFO  o.e.m.w.i.f.ResourceFilteringBuildParticipant - Changed resources require a complete clean of filtered resources of SpringMVCWithORM
2022-04-25 09:22:32,780 [Worker-32: Building] INFO  o.e.m.w.i.f.ResourceFilteringBuildParticipant - Executing resource filtering for SpringMVCWithORM
2022-04-25 09:22:32,784 [Worker-32: Building] WARN  o.e.m.c.i.embedder.EclipseLogger - Using platform encoding (Cp1252 actually) to copy filtered resources, i.e. build is platform dependent!
2022-04-25 09:23:28,793 [Worker-32: Building] WARN  o.e.m.c.i.embedder.EclipseLogger - Using platform encoding (Cp1252 actually) to copy filtered resources, i.e. build is platform dependent!
2022-04-25 09:23:28,794 [Worker-32: Building] INFO  o.e.m.c.i.embedder.EclipseLogger - skip non existing resourceDirectory D:\Desktop\Mphasis Client Session\Mentor Session 3\Workspace\SpringMVCWithORM\src\main\resources
2022-04-25 09:23:28,795 [Worker-32: Building] WARN  o.e.m.c.i.embedder.EclipseLogger - Using platform encoding (Cp1252 actually) to copy filtered resources, i.e. build is platform dependent!
2022-04-25 09:23:28,796 [Worker-32: Building] INFO  o.e.m.c.i.embedder.EclipseLogger - skip non existing resourceDirectory D:\Desktop\Mphasis Client Session\Mentor Session 3\Workspace\SpringMVCWithORM\src\test\resources
2022-04-25 09:23:39,914 [Worker-37: Building] WARN  o.e.m.c.i.embedder.EclipseLogger - Using platform encoding (Cp1252 actually) to copy filtered resources, i.e. build is platform dependent!
2022-04-25 09:23:39,915 [Worker-37: Building] INFO  o.e.m.c.i.embedder.EclipseLogger - skip non existing resourceDirectory D:\Desktop\Mphasis Client Session\Mentor Session 3\Workspace\SpringMVCWithORM\src\main\resources
2022-04-25 09:23:39,915 [Worker-37: Building] WARN  o.e.m.c.i.embedder.EclipseLogger - Using platform encoding (Cp1252 actually) to copy filtered resources, i.e. build is platform dependent!
2022-04-25 09:23:39,916 [Worker-37: Building] INFO  o.e.m.c.i.embedder.EclipseLogger - skip non existing resourceDirectory D:\Desktop\Mphasis Client Session\Mentor Session 3\Workspace\SpringMVCWithORM\src\test\resources
2022-04-25 09:23:48,843 [Worker-37: Building] WARN  o.e.m.c.i.embedder.EclipseLogger - Using platform encoding (Cp1252 actually) to copy filtered resources, i.e. build is platform dependent!
2022-04-25 09:23:48,844 [Worker-37: Building] INFO  o.e.m.c.i.embedder.EclipseLogger - skip non existing resourceDirectory D:\Desktop\Mphasis Client Session\Mentor Session 3\Workspace\SpringMVCWithORM\src\main\resources
2022-04-25 09:23:48,845 [Worker-37: Building] WARN  o.e.m.c.i.embedder.EclipseLogger - Using platform encoding (Cp1252 actually) to copy filtered resources, i.e. build is platform dependent!
2022-04-25 09:23:48,846 [Worker-37: Building] INFO  o.e.m.c.i.embedder.EclipseLogger - skip non existing resourceDirectory D:\Desktop\Mphasis Client Session\Mentor Session 3\Workspace\SpringMVCWithORM\src\test\resources
2022-04-25 09:24:27,787 [Worker-33: Building] WARN  o.e.m.c.i.embedder.EclipseLogger - Using platform encoding (Cp1252 actually) to copy filtered resources, i.e. build is platform dependent!
2022-04-25 09:24:27,788 [Worker-33: Building] INFO  o.e.m.c.i.embedder.EclipseLogger - skip non existing resourceDirectory D:\Desktop\Mphasis Client Session\Mentor Session 3\Workspace\SpringMVCWithORM\src\main\resources
2022-04-25 09:24:27,790 [Worker-33: Building] WARN  o.e.m.c.i.embedder.EclipseLogger - Using platform encoding (Cp1252 actually) to copy filtered resources, i.e. build is platform dependent!
2022-04-25 09:24:27,791 [Worker-33: Building] INFO  o.e.m.c.i.embedder.EclipseLogger - skip non existing resourceDirectory D:\Desktop\Mphasis Client Session\Mentor Session 3\Workspace\SpringMVCWithORM\src\test\resources
2022-04-25 09:25:44,188 [Worker-36: Building] WARN  o.e.m.c.i.embedder.EclipseLogger - Using platform encoding (Cp1252 actually) to copy filtered resources, i.e. build is platform dependent!
2022-04-25 09:25:44,189 [Worker-36: Building] INFO  o.e.m.c.i.embedder.EclipseLogger - skip non existing resourceDirectory D:\Desktop\Mphasis Client Session\Mentor Session 3\Workspace\SpringMVCWithORM\src\main\resources
2022-04-25 09:25:44,191 [Worker-36: Building] WARN  o.e.m.c.i.embedder.EclipseLogger - Using platform encoding (Cp1252 actually) to copy filtered resources, i.e. build is platform dependent!
2022-04-25 09:25:44,191 [Worker-36: Building] INFO  o.e.m.c.i.embedder.EclipseLogger - skip non existing resourceDirectory D:\Desktop\Mphasis Client Session\Mentor Session 3\Workspace\SpringMVCWithORM\src\test\resources
2022-04-25 09:25:52,496 [Worker-36: Building] WARN  o.e.m.c.i.embedder.EclipseLogger - Using platform encoding (Cp1252 actually) to copy filtered resources, i.e. build is platform dependent!
2022-04-25 09:25:52,497 [Worker-36: Building] INFO  o.e.m.c.i.embedder.EclipseLogger - skip non existing resourceDirectory D:\Desktop\Mphasis Client Session\Mentor Session 3\Workspace\SpringMVCWithORM\src\main\resources
2022-04-25 09:25:52,498 [Worker-36: Building] WARN  o.e.m.c.i.embedder.EclipseLogger - Using platform encoding (Cp1252 actually) to copy filtered resources, i.e. build is platform dependent!
2022-04-25 09:25:52,499 [Worker-36: Building] INFO  o.e.m.c.i.embedder.EclipseLogger - skip non existing resourceDirectory D:\Desktop\Mphasis Client Session\Mentor Session 3\Workspace\SpringMVCWithORM\src\test\resources
2022-04-25 09:28:00,996 [Worker-52: Building] WARN  o.e.m.c.i.embedder.EclipseLogger - Using platform encoding (Cp1252 actually) to copy filtered resources, i.e. build is platform dependent!
2022-04-25 09:28:00,997 [Worker-52: Building] INFO  o.e.m.c.i.embedder.EclipseLogger - skip non existing resourceDirectory D:\Desktop\Mphasis Client Session\Mentor Session 3\Workspace\SpringMVCWithORM\src\main\resources
2022-04-25 09:28:00,999 [Worker-52: Building] WARN  o.e.m.c.i.embedder.EclipseLogger - Using platform encoding (Cp1252 actually) to copy filtered resources, i.e. build is platform dependent!
2022-04-25 09:28:01,000 [Worker-52: Building] INFO  o.e.m.c.i.embedder.EclipseLogger - skip non existing resourceDirectory D:\Desktop\Mphasis Client Session\Mentor Session 3\Workspace\SpringMVCWithORM\src\test\resources
2022-04-25 09:29:51,304 [Worker-46: Building] WARN  o.e.m.c.i.embedder.EclipseLogger - Using platform encoding (Cp1252 actually) to copy filtered resources, i.e. build is platform dependent!
2022-04-25 09:29:51,304 [Worker-46: Building] INFO  o.e.m.c.i.embedder.EclipseLogger - skip non existing resourceDirectory D:\Desktop\Mphasis Client Session\Mentor Session 3\Workspace\SpringMVCWithORM\src\main\resources
2022-04-25 09:29:51,305 [Worker-46: Building] WARN  o.e.m.c.i.embedder.EclipseLogger - Using platform encoding (Cp1252 actually) to copy filtered resources, i.e. build is platform dependent!
2022-04-25 09:29:51,305 [Worker-46: Building] INFO  o.e.m.c.i.embedder.EclipseLogger - skip non existing resourceDirectory D:\Desktop\Mphasis Client Session\Mentor Session 3\Workspace\SpringMVCWithORM\src\test\resources
2022-04-25 09:30:41,980 [Worker-70: Building] WARN  o.e.m.c.i.embedder.EclipseLogger - Using platform encoding (Cp1252 actually) to copy filtered resources, i.e. build is platform dependent!
2022-04-25 09:30:41,982 [Worker-70: Building] INFO  o.e.m.c.i.embedder.EclipseLogger - skip non existing resourceDirectory D:\Desktop\Mphasis Client Session\Mentor Session 3\Workspace\SpringMVCWithORM\src\main\resources
2022-04-25 09:30:41,983 [Worker-70: Building] WARN  o.e.m.c.i.embedder.EclipseLogger - Using platform encoding (Cp1252 actually) to copy filtered resources, i.e. build is platform dependent!
2022-04-25 09:30:41,983 [Worker-70: Building] INFO  o.e.m.c.i.embedder.EclipseLogger - skip non existing resourceDirectory D:\Desktop\Mphasis Client Session\Mentor Session 3\Workspace\SpringMVCWithORM\src\test\resources
2022-04-25 09:30:54,962 [Worker-46: Building] WARN  o.e.m.c.i.embedder.EclipseLogger - Using platform encoding (Cp1252 actually) to copy filtered resources, i.e. build is platform dependent!
2022-04-25 09:30:54,962 [Worker-46: Building] INFO  o.e.m.c.i.embedder.EclipseLogger - skip non existing resourceDirectory D:\Desktop\Mphasis Client Session\Mentor Session 3\Workspace\SpringMVCWithORM\src\main\resources
2022-04-25 09:30:54,963 [Worker-46: Building] WARN  o.e.m.c.i.embedder.EclipseLogger - Using platform encoding (Cp1252 actually) to copy filtered resources, i.e. build is platform dependent!
2022-04-25 09:30:54,963 [Worker-46: Building] INFO  o.e.m.c.i.embedder.EclipseLogger - skip non existing resourceDirectory D:\Desktop\Mphasis Client Session\Mentor Session 3\Workspace\SpringMVCWithORM\src\test\resources
2022-04-25 09:32:23,351 [Worker-70: Building] WARN  o.e.m.c.i.embedder.EclipseLogger - Using platform encoding (Cp1252 actually) to copy filtered resources, i.e. build is platform dependent!
2022-04-25 09:32:23,351 [Worker-70: Building] INFO  o.e.m.c.i.embedder.EclipseLogger - skip non existing resourceDirectory D:\Desktop\Mphasis Client Session\Mentor Session 3\Workspace\SpringMVCWithORM\src\main\resources
2022-04-25 09:32:23,352 [Worker-70: Building] WARN  o.e.m.c.i.embedder.EclipseLogger - Using platform encoding (Cp1252 actually) to copy filtered resources, i.e. build is platform dependent!
2022-04-25 09:32:23,353 [Worker-70: Building] INFO  o.e.m.c.i.embedder.EclipseLogger - skip non existing resourceDirectory D:\Desktop\Mphasis Client Session\Mentor Session 3\Workspace\SpringMVCWithORM\src\test\resources
2022-04-25 09:33:06,090 [Worker-70: Building] WARN  o.e.m.c.i.embedder.EclipseLogger - Using platform encoding (Cp1252 actually) to copy filtered resources, i.e. build is platform dependent!
2022-04-25 09:33:06,091 [Worker-70: Building] INFO  o.e.m.c.i.embedder.EclipseLogger - skip non existing resourceDirectory D:\Desktop\Mphasis Client Session\Mentor Session 3\Workspace\SpringMVCWithORM\src\main\resources
2022-04-25 09:33:06,092 [Worker-70: Building] WARN  o.e.m.c.i.embedder.EclipseLogger - Using platform encoding (Cp1252 actually) to copy filtered resources, i.e. build is platform dependent!
2022-04-25 09:33:06,093 [Worker-70: Building] INFO  o.e.m.c.i.embedder.EclipseLogger - skip non existing resourceDirectory D:\Desktop\Mphasis Client Session\Mentor Session 3\Workspace\SpringMVCWithORM\src\test\resources
2022-04-25 09:33:22,980 [Worker-67: Building] WARN  o.e.m.c.i.embedder.EclipseLogger - Using platform encoding (Cp1252 actually) to copy filtered resources, i.e. build is platform dependent!
2022-04-25 09:33:22,981 [Worker-67: Building] INFO  o.e.m.c.i.embedder.EclipseLogger - skip non existing resourceDirectory D:\Desktop\Mphasis Client Session\Mentor Session 3\Workspace\SpringMVCWithORM\src\main\resources
2022-04-25 09:33:22,982 [Worker-67: Building] WARN  o.e.m.c.i.embedder.EclipseLogger - Using platform encoding (Cp1252 actually) to copy filtered resources, i.e. build is platform dependent!
2022-04-25 09:33:22,982 [Worker-67: Building] INFO  o.e.m.c.i.embedder.EclipseLogger - skip non existing resourceDirectory D:\Desktop\Mphasis Client Session\Mentor Session 3\Workspace\SpringMVCWithORM\src\test\resources
2022-04-25 09:36:54,989 [Worker-58: Building] WARN  o.e.m.c.i.embedder.EclipseLogger - Using platform encoding (Cp1252 actually) to copy filtered resources, i.e. build is platform dependent!
2022-04-25 09:36:54,990 [Worker-58: Building] INFO  o.e.m.c.i.embedder.EclipseLogger - skip non existing resourceDirectory D:\Desktop\Mphasis Client Session\Mentor Session 3\Workspace\SpringMVCWithORM\src\main\resources
2022-04-25 09:36:54,991 [Worker-58: Building] WARN  o.e.m.c.i.embedder.EclipseLogger - Using platform encoding (Cp1252 actually) to copy filtered resources, i.e. build is platform dependent!
2022-04-25 09:36:54,991 [Worker-58: Building] INFO  o.e.m.c.i.embedder.EclipseLogger - skip non existing resourceDirectory D:\Desktop\Mphasis Client Session\Mentor Session 3\Workspace\SpringMVCWithORM\src\test\resources
2022-04-25 09:37:44,247 [Worker-30: Building] WARN  o.e.m.c.i.embedder.EclipseLogger - Using platform encoding (Cp1252 actually) to copy filtered resources, i.e. build is platform dependent!
2022-04-25 09:37:44,249 [Worker-30: Building] INFO  o.e.m.c.i.embedder.EclipseLogger - skip non existing resourceDirectory D:\Desktop\Mphasis Client Session\Mentor Session 3\Workspace\SpringMVCWithORM\src\main\resources
2022-04-25 09:37:44,251 [Worker-30: Building] WARN  o.e.m.c.i.embedder.EclipseLogger - Using platform encoding (Cp1252 actually) to copy filtered resources, i.e. build is platform dependent!
2022-04-25 09:37:44,252 [Worker-30: Building] INFO  o.e.m.c.i.embedder.EclipseLogger - skip non existing resourceDirectory D:\Desktop\Mphasis Client Session\Mentor Session 3\Workspace\SpringMVCWithORM\src\test\resources
2022-04-25 09:38:14,127 [Worker-54: Building] WARN  o.e.m.c.i.embedder.EclipseLogger - Using platform encoding (Cp1252 actually) to copy filtered resources, i.e. build is platform dependent!
2022-04-25 09:38:14,128 [Worker-54: Building] INFO  o.e.m.c.i.embedder.EclipseLogger - skip non existing resourceDirectory D:\Desktop\Mphasis Client Session\Mentor Session 3\Workspace\SpringMVCWithORM\src\main\resources
2022-04-25 09:38:14,129 [Worker-54: Building] WARN  o.e.m.c.i.embedder.EclipseLogger - Using platform encoding (Cp1252 actually) to copy filtered resources, i.e. build is platform dependent!
2022-04-25 09:38:14,130 [Worker-54: Building] INFO  o.e.m.c.i.embedder.EclipseLogger - skip non existing resourceDirectory D:\Desktop\Mphasis Client Session\Mentor Session 3\Workspace\SpringMVCWithORM\src\test\resources
2022-04-25 09:38:53,430 [Worker-74: Building] WARN  o.e.m.c.i.embedder.EclipseLogger - Using platform encoding (Cp1252 actually) to copy filtered resources, i.e. build is platform dependent!
2022-04-25 09:38:53,431 [Worker-74: Building] INFO  o.e.m.c.i.embedder.EclipseLogger - skip non existing resourceDirectory D:\Desktop\Mphasis Client Session\Mentor Session 3\Workspace\SpringMVCWithORM\src\main\resources
2022-04-25 09:38:53,432 [Worker-74: Building] WARN  o.e.m.c.i.embedder.EclipseLogger - Using platform encoding (Cp1252 actually) to copy filtered resources, i.e. build is platform dependent!
2022-04-25 09:38:53,433 [Worker-74: Building] INFO  o.e.m.c.i.embedder.EclipseLogger - skip non existing resourceDirectory D:\Desktop\Mphasis Client Session\Mentor Session 3\Workspace\SpringMVCWithORM\src\test\resources
2022-04-25 09:41:29,642 [Worker-77: Building] WARN  o.e.m.c.i.embedder.EclipseLogger - Using platform encoding (Cp1252 actually) to copy filtered resources, i.e. build is platform dependent!
2022-04-25 09:41:29,643 [Worker-77: Building] INFO  o.e.m.c.i.embedder.EclipseLogger - skip non existing resourceDirectory D:\Desktop\Mphasis Client Session\Mentor Session 3\Workspace\SpringMVCWithORM\src\main\resources
2022-04-25 09:41:29,643 [Worker-77: Building] WARN  o.e.m.c.i.embedder.EclipseLogger - Using platform encoding (Cp1252 actually) to copy filtered resources, i.e. build is platform dependent!
2022-04-25 09:41:29,644 [Worker-77: Building] INFO  o.e.m.c.i.embedder.EclipseLogger - skip non existing resourceDirectory D:\Desktop\Mphasis Client Session\Mentor Session 3\Workspace\SpringMVCWithORM\src\test\resources
2022-04-25 09:44:05,538 [Worker-79: Building] WARN  o.e.m.c.i.embedder.EclipseLogger - Using platform encoding (Cp1252 actually) to copy filtered resources, i.e. build is platform dependent!
2022-04-25 09:44:05,538 [Worker-79: Building] INFO  o.e.m.c.i.embedder.EclipseLogger - skip non existing resourceDirectory D:\Desktop\Mphasis Client Session\Mentor Session 3\Workspace\SpringMVCWithORM\src\main\resources
2022-04-25 09:44:05,539 [Worker-79: Building] WARN  o.e.m.c.i.embedder.EclipseLogger - Using platform encoding (Cp1252 actually) to copy filtered resources, i.e. build is platform dependent!
2022-04-25 09:44:05,540 [Worker-79: Building] INFO  o.e.m.c.i.embedder.EclipseLogger - skip non existing resourceDirectory D:\Desktop\Mphasis Client Session\Mentor Session 3\Workspace\SpringMVCWithORM\src\test\resources
2022-04-25 09:44:22,810 [Worker-78: Building] WARN  o.e.m.c.i.embedder.EclipseLogger - Using platform encoding (Cp1252 actually) to copy filtered resources, i.e. build is platform dependent!
2022-04-25 09:44:22,811 [Worker-78: Building] INFO  o.e.m.c.i.embedder.EclipseLogger - skip non existing resourceDirectory D:\Desktop\Mphasis Client Session\Mentor Session 3\Workspace\SpringMVCWithORM\src\main\resources
2022-04-25 09:44:22,812 [Worker-78: Building] WARN  o.e.m.c.i.embedder.EclipseLogger - Using platform encoding (Cp1252 actually) to copy filtered resources, i.e. build is platform dependent!
2022-04-25 09:44:22,812 [Worker-78: Building] INFO  o.e.m.c.i.embedder.EclipseLogger - skip non existing resourceDirectory D:\Desktop\Mphasis Client Session\Mentor Session 3\Workspace\SpringMVCWithORM\src\test\resources
2022-04-25 09:45:23,507 [Worker-80: Building] WARN  o.e.m.c.i.embedder.EclipseLogger - Using platform encoding (Cp1252 actually) to copy filtered resources, i.e. build is platform dependent!
2022-04-25 09:45:23,508 [Worker-80: Building] INFO  o.e.m.c.i.embedder.EclipseLogger - skip non existing resourceDirectory D:\Desktop\Mphasis Client Session\Mentor Session 3\Workspace\SpringMVCWithORM\src\main\resources
2022-04-25 09:45:23,508 [Worker-80: Building] WARN  o.e.m.c.i.embedder.EclipseLogger - Using platform encoding (Cp1252 actually) to copy filtered resources, i.e. build is platform dependent!
2022-04-25 09:45:23,509 [Worker-80: Building] INFO  o.e.m.c.i.embedder.EclipseLogger - skip non existing resourceDirectory D:\Desktop\Mphasis Client Session\Mentor Session 3\Workspace\SpringMVCWithORM\src\test\resources
2022-04-25 09:45:29,326 [Worker-80: Building] WARN  o.e.m.c.i.embedder.EclipseLogger - Using platform encoding (Cp1252 actually) to copy filtered resources, i.e. build is platform dependent!
2022-04-25 09:45:29,327 [Worker-80: Building] INFO  o.e.m.c.i.embedder.EclipseLogger - skip non existing resourceDirectory D:\Desktop\Mphasis Client Session\Mentor Session 3\Workspace\SpringMVCWithORM\src\main\resources
2022-04-25 09:45:29,328 [Worker-80: Building] WARN  o.e.m.c.i.embedder.EclipseLogger - Using platform encoding (Cp1252 actually) to copy filtered resources, i.e. build is platform dependent!
2022-04-25 09:45:29,328 [Worker-80: Building] INFO  o.e.m.c.i.embedder.EclipseLogger - skip non existing resourceDirectory D:\Desktop\Mphasis Client Session\Mentor Session 3\Workspace\SpringMVCWithORM\src\test\resources
2022-04-25 09:45:45,747 [Worker-78: Updating Maven Dependencies] INFO  o.e.m.c.i.l.LifecycleMappingFactory - Using org.maven.ide.eclipse.wtp.WarLifecycleMapping lifecycle mapping for MavenProject: SpringMVCWithORM:SpringMVCWithORM:0.0.1-SNAPSHOT @ D:\Desktop\Mphasis Client Session\Mentor Session 3\Workspace\SpringMVCWithORM\pom.xml.
2022-04-25 09:45:46,781 [Worker-79: Building] WARN  o.e.m.c.i.embedder.EclipseLogger - Using platform encoding (Cp1252 actually) to copy filtered resources, i.e. build is platform dependent!
2022-04-25 09:45:46,782 [Worker-79: Building] INFO  o.e.m.c.i.embedder.EclipseLogger - skip non existing resourceDirectory D:\Desktop\Mphasis Client Session\Mentor Session 3\Workspace\SpringMVCWithORM\src\main\resources
2022-04-25 09:45:46,784 [Worker-79: Building] WARN  o.e.m.c.i.embedder.EclipseLogger - Using platform encoding (Cp1252 actually) to copy filtered resources, i.e. build is platform dependent!
2022-04-25 09:45:46,784 [Worker-79: Building] INFO  o.e.m.c.i.embedder.EclipseLogger - skip non existing resourceDirectory D:\Desktop\Mphasis Client Session\Mentor Session 3\Workspace\SpringMVCWithORM\src\test\resources
2022-04-25 09:46:33,820 [Worker-82: Building] WARN  o.e.m.c.i.embedder.EclipseLogger - Using platform encoding (Cp1252 actually) to copy filtered resources, i.e. build is platform dependent!
2022-04-25 09:46:33,821 [Worker-82: Building] INFO  o.e.m.c.i.embedder.EclipseLogger - skip non existing resourceDirectory D:\Desktop\Mphasis Client Session\Mentor Session 3\Workspace\SpringMVCWithORM\src\main\resources
2022-04-25 09:46:33,822 [Worker-82: Building] WARN  o.e.m.c.i.embedder.EclipseLogger - Using platform encoding (Cp1252 actually) to copy filtered resources, i.e. build is platform dependent!
2022-04-25 09:46:33,823 [Worker-82: Building] INFO  o.e.m.c.i.embedder.EclipseLogger - skip non existing resourceDirectory D:\Desktop\Mphasis Client Session\Mentor Session 3\Workspace\SpringMVCWithORM\src\test\resources
2022-04-25 09:47:05,724 [Worker-83: Building] INFO  o.e.m.c.i.l.LifecycleMappingFactory - Using org.maven.ide.eclipse.wtp.WarLifecycleMapping lifecycle mapping for MavenProject: SpringMVCWithORM:SpringMVCWithORM:0.0.1-SNAPSHOT @ D:\Desktop\Mphasis Client Session\Mentor Session 3\Workspace\SpringMVCWithORM\pom.xml.
2022-04-25 09:47:06,445 [Worker-83: Building] WARN  o.e.m.c.i.embedder.EclipseLogger - Using platform encoding (Cp1252 actually) to copy filtered resources, i.e. build is platform dependent!
2022-04-25 09:47:06,445 [Worker-83: Building] INFO  o.e.m.c.i.embedder.EclipseLogger - skip non existing resourceDirectory D:\Desktop\Mphasis Client Session\Mentor Session 3\Workspace\SpringMVCWithORM\src\main\resources
2022-04-25 09:47:06,447 [Worker-83: Building] WARN  o.e.m.c.i.embedder.EclipseLogger - Using platform encoding (Cp1252 actually) to copy filtered resources, i.e. build is platform dependent!
2022-04-25 09:47:06,447 [Worker-83: Building] INFO  o.e.m.c.i.embedder.EclipseLogger - skip non existing resourceDirectory D:\Desktop\Mphasis Client Session\Mentor Session 3\Workspace\SpringMVCWithORM\src\test\resources
2022-04-25 09:47:06,448 [Worker-83: Building] INFO  o.e.m.w.i.f.ResourceFilteringBuildParticipant - Changed resources require a complete clean of filtered resources of SpringMVCWithORM
2022-04-25 09:47:06,448 [Worker-83: Building] INFO  o.e.m.w.i.f.ResourceFilteringBuildParticipant - Executing resource filtering for SpringMVCWithORM
2022-04-25 09:47:06,451 [Worker-83: Building] WARN  o.e.m.c.i.embedder.EclipseLogger - Using platform encoding (Cp1252 actually) to copy filtered resources, i.e. build is platform dependent!
2022-04-25 09:47:07,126 [Worker-82: Building] WARN  o.e.m.c.i.embedder.EclipseLogger - Using platform encoding (Cp1252 actually) to copy filtered resources, i.e. build is platform dependent!
2022-04-25 09:47:07,127 [Worker-82: Building] INFO  o.e.m.c.i.embedder.EclipseLogger - skip non existing resourceDirectory D:\Desktop\Mphasis Client Session\Mentor Session 3\Workspace\SpringMVCWithORM\src\main\resources
2022-04-25 09:47:07,129 [Worker-82: Building] WARN  o.e.m.c.i.embedder.EclipseLogger - Using platform encoding (Cp1252 actually) to copy filtered resources, i.e. build is platform dependent!
2022-04-25 09:47:07,130 [Worker-82: Building] INFO  o.e.m.c.i.embedder.EclipseLogger - skip non existing resourceDirectory D:\Desktop\Mphasis Client Session\Mentor Session 3\Workspace\SpringMVCWithORM\src\test\resources
2022-04-25 09:47:33,004 [Worker-78: Building] WARN  o.e.m.c.i.embedder.EclipseLogger - Using platform encoding (Cp1252 actually) to copy filtered resources, i.e. build is platform dependent!
2022-04-25 09:47:33,005 [Worker-78: Building] INFO  o.e.m.c.i.embedder.EclipseLogger - skip non existing resourceDirectory D:\Desktop\Mphasis Client Session\Mentor Session 3\Workspace\SpringMVCWithORM\src\main\resources
2022-04-25 09:47:33,006 [Worker-78: Building] WARN  o.e.m.c.i.embedder.EclipseLogger - Using platform encoding (Cp1252 actually) to copy filtered resources, i.e. build is platform dependent!
2022-04-25 09:47:33,007 [Worker-78: Building] INFO  o.e.m.c.i.embedder.EclipseLogger - skip non existing resourceDirectory D:\Desktop\Mphasis Client Session\Mentor Session 3\Workspace\SpringMVCWithORM\src\test\resources
2022-04-25 09:47:42,720 [Worker-83: Building] WARN  o.e.m.c.i.embedder.EclipseLogger - Using platform encoding (Cp1252 actually) to copy filtered resources, i.e. build is platform dependent!
2022-04-25 09:47:42,720 [Worker-83: Building] INFO  o.e.m.c.i.embedder.EclipseLogger - skip non existing resourceDirectory D:\Desktop\Mphasis Client Session\Mentor Session 3\Workspace\SpringMVCWithORM\src\main\resources
2022-04-25 09:47:42,721 [Worker-83: Building] WARN  o.e.m.c.i.embedder.EclipseLogger - Using platform encoding (Cp1252 actually) to copy filtered resources, i.e. build is platform dependent!
2022-04-25 09:47:42,721 [Worker-83: Building] INFO  o.e.m.c.i.embedder.EclipseLogger - skip non existing resourceDirectory D:\Desktop\Mphasis Client Session\Mentor Session 3\Workspace\SpringMVCWithORM\src\test\resources
2022-04-25 09:48:27,963 [Worker-79: Building] WARN  o.e.m.c.i.embedder.EclipseLogger - Using platform encoding (Cp1252 actually) to copy filtered resources, i.e. build is platform dependent!
2022-04-25 09:48:27,964 [Worker-79: Building] INFO  o.e.m.c.i.embedder.EclipseLogger - skip non existing resourceDirectory D:\Desktop\Mphasis Client Session\Mentor Session 3\Workspace\SpringMVCWithORM\src\main\resources
2022-04-25 09:48:27,965 [Worker-79: Building] WARN  o.e.m.c.i.embedder.EclipseLogger - Using platform encoding (Cp1252 actually) to copy filtered resources, i.e. build is platform dependent!
2022-04-25 09:48:27,965 [Worker-79: Building] INFO  o.e.m.c.i.embedder.EclipseLogger - skip non existing resourceDirectory D:\Desktop\Mphasis Client Session\Mentor Session 3\Workspace\SpringMVCWithORM\src\test\resources
2022-04-25 09:48:55,415 [Worker-78: Building] WARN  o.e.m.c.i.embedder.EclipseLogger - Using platform encoding (Cp1252 actually) to copy filtered resources, i.e. build is platform dependent!
2022-04-25 09:48:55,416 [Worker-78: Building] INFO  o.e.m.c.i.embedder.EclipseLogger - skip non existing resourceDirectory D:\Desktop\Mphasis Client Session\Mentor Session 3\Workspace\SpringMVCWithORM\src\main\resources
2022-04-25 09:48:55,417 [Worker-78: Building] WARN  o.e.m.c.i.embedder.EclipseLogger - Using platform encoding (Cp1252 actually) to copy filtered resources, i.e. build is platform dependent!
2022-04-25 09:48:55,417 [Worker-78: Building] INFO  o.e.m.c.i.embedder.EclipseLogger - skip non existing resourceDirectory D:\Desktop\Mphasis Client Session\Mentor Session 3\Workspace\SpringMVCWithORM\src\test\resources
2022-04-25 09:49:00,637 [Worker-77: Building] WARN  o.e.m.c.i.embedder.EclipseLogger - Using platform encoding (Cp1252 actually) to copy filtered resources, i.e. build is platform dependent!
2022-04-25 09:49:00,638 [Worker-77: Building] INFO  o.e.m.c.i.embedder.EclipseLogger - skip non existing resourceDirectory D:\Desktop\Mphasis Client Session\Mentor Session 3\Workspace\SpringMVCWithORM\src\main\resources
2022-04-25 09:49:00,639 [Worker-77: Building] WARN  o.e.m.c.i.embedder.EclipseLogger - Using platform encoding (Cp1252 actually) to copy filtered resources, i.e. build is platform dependent!
2022-04-25 09:49:00,639 [Worker-77: Building] INFO  o.e.m.c.i.embedder.EclipseLogger - skip non existing resourceDirectory D:\Desktop\Mphasis Client Session\Mentor Session 3\Workspace\SpringMVCWithORM\src\test\resources
2022-04-25 09:49:03,766 [Worker-79: Building] WARN  o.e.m.c.i.embedder.EclipseLogger - Using platform encoding (Cp1252 actually) to copy filtered resources, i.e. build is platform dependent!
2022-04-25 09:49:03,767 [Worker-79: Building] INFO  o.e.m.c.i.embedder.EclipseLogger - skip non existing resourceDirectory D:\Desktop\Mphasis Client Session\Mentor Session 3\Workspace\SpringMVCWithORM\src\main\resources
2022-04-25 09:49:03,768 [Worker-79: Building] WARN  o.e.m.c.i.embedder.EclipseLogger - Using platform encoding (Cp1252 actually) to copy filtered resources, i.e. build is platform dependent!
2022-04-25 09:49:03,768 [Worker-79: Building] INFO  o.e.m.c.i.embedder.EclipseLogger - skip non existing resourceDirectory D:\Desktop\Mphasis Client Session\Mentor Session 3\Workspace\SpringMVCWithORM\src\test\resources
2022-04-25 09:49:32,609 [Worker-81: Building] WARN  o.e.m.c.i.embedder.EclipseLogger - Using platform encoding (Cp1252 actually) to copy filtered resources, i.e. build is platform dependent!
2022-04-25 09:49:32,609 [Worker-81: Building] INFO  o.e.m.c.i.embedder.EclipseLogger - skip non existing resourceDirectory D:\Desktop\Mphasis Client Session\Mentor Session 3\Workspace\SpringMVCWithORM\src\main\resources
2022-04-25 09:49:32,611 [Worker-81: Building] WARN  o.e.m.c.i.embedder.EclipseLogger - Using platform encoding (Cp1252 actually) to copy filtered resources, i.e. build is platform dependent!
2022-04-25 09:49:32,611 [Worker-81: Building] INFO  o.e.m.c.i.embedder.EclipseLogger - skip non existing resourceDirectory D:\Desktop\Mphasis Client Session\Mentor Session 3\Workspace\SpringMVCWithORM\src\test\resources
2022-04-25 09:50:12,811 [Worker-81: Building] WARN  o.e.m.c.i.embedder.EclipseLogger - Using platform encoding (Cp1252 actually) to copy filtered resources, i.e. build is platform dependent!
2022-04-25 09:50:12,811 [Worker-81: Building] INFO  o.e.m.c.i.embedder.EclipseLogger - skip non existing resourceDirectory D:\Desktop\Mphasis Client Session\Mentor Session 3\Workspace\SpringMVCWithORM\src\main\resources
2022-04-25 09:50:12,812 [Worker-81: Building] WARN  o.e.m.c.i.embedder.EclipseLogger - Using platform encoding (Cp1252 actually) to copy filtered resources, i.e. build is platform dependent!
2022-04-25 09:50:12,812 [Worker-81: Building] INFO  o.e.m.c.i.embedder.EclipseLogger - skip non existing resourceDirectory D:\Desktop\Mphasis Client Session\Mentor Session 3\Workspace\SpringMVCWithORM\src\test\resources
2022-04-25 09:51:01,658 [Worker-77: Building] WARN  o.e.m.c.i.embedder.EclipseLogger - Using platform encoding (Cp1252 actually) to copy filtered resources, i.e. build is platform dependent!
2022-04-25 09:51:01,659 [Worker-77: Building] INFO  o.e.m.c.i.embedder.EclipseLogger - skip non existing resourceDirectory D:\Desktop\Mphasis Client Session\Mentor Session 3\Workspace\SpringMVCWithORM\src\main\resources
2022-04-25 09:51:01,660 [Worker-77: Building] WARN  o.e.m.c.i.embedder.EclipseLogger - Using platform encoding (Cp1252 actually) to copy filtered resources, i.e. build is platform dependent!
2022-04-25 09:51:01,661 [Worker-77: Building] INFO  o.e.m.c.i.embedder.EclipseLogger - skip non existing resourceDirectory D:\Desktop\Mphasis Client Session\Mentor Session 3\Workspace\SpringMVCWithORM\src\test\resources
2022-04-25 09:51:11,139 [Worker-77: Building] WARN  o.e.m.c.i.embedder.EclipseLogger - Using platform encoding (Cp1252 actually) to copy filtered resources, i.e. build is platform dependent!
2022-04-25 09:51:11,140 [Worker-77: Building] INFO  o.e.m.c.i.embedder.EclipseLogger - skip non existing resourceDirectory D:\Desktop\Mphasis Client Session\Mentor Session 3\Workspace\SpringMVCWithORM\src\main\resources
2022-04-25 09:51:11,142 [Worker-77: Building] WARN  o.e.m.c.i.embedder.EclipseLogger - Using platform encoding (Cp1252 actually) to copy filtered resources, i.e. build is platform dependent!
2022-04-25 09:51:11,143 [Worker-77: Building] INFO  o.e.m.c.i.embedder.EclipseLogger - skip non existing resourceDirectory D:\Desktop\Mphasis Client Session\Mentor Session 3\Workspace\SpringMVCWithORM\src\test\resources
2022-04-25 09:51:43,983 [Worker-80: Building] WARN  o.e.m.c.i.embedder.EclipseLogger - Using platform encoding (Cp1252 actually) to copy filtered resources, i.e. build is platform dependent!
2022-04-25 09:51:43,984 [Worker-80: Building] INFO  o.e.m.c.i.embedder.EclipseLogger - skip non existing resourceDirectory D:\Desktop\Mphasis Client Session\Mentor Session 3\Workspace\SpringMVCWithORM\src\main\resources
2022-04-25 09:51:43,985 [Worker-80: Building] WARN  o.e.m.c.i.embedder.EclipseLogger - Using platform encoding (Cp1252 actually) to copy filtered resources, i.e. build is platform dependent!
2022-04-25 09:51:43,986 [Worker-80: Building] INFO  o.e.m.c.i.embedder.EclipseLogger - skip non existing resourceDirectory D:\Desktop\Mphasis Client Session\Mentor Session 3\Workspace\SpringMVCWithORM\src\test\resources
2022-04-25 09:51:53,996 [Worker-77: Building] WARN  o.e.m.c.i.embedder.EclipseLogger - Using platform encoding (Cp1252 actually) to copy filtered resources, i.e. build is platform dependent!
2022-04-25 09:51:53,997 [Worker-77: Building] INFO  o.e.m.c.i.embedder.EclipseLogger - skip non existing resourceDirectory D:\Desktop\Mphasis Client Session\Mentor Session 3\Workspace\SpringMVCWithORM\src\main\resources
2022-04-25 09:51:53,998 [Worker-77: Building] WARN  o.e.m.c.i.embedder.EclipseLogger - Using platform encoding (Cp1252 actually) to copy filtered resources, i.e. build is platform dependent!
2022-04-25 09:51:53,998 [Worker-77: Building] INFO  o.e.m.c.i.embedder.EclipseLogger - skip non existing resourceDirectory D:\Desktop\Mphasis Client Session\Mentor Session 3\Workspace\SpringMVCWithORM\src\test\resources
2022-04-25 09:52:03,866 [Worker-79: Building] WARN  o.e.m.c.i.embedder.EclipseLogger - Using platform encoding (Cp1252 actually) to copy filtered resources, i.e. build is platform dependent!
2022-04-25 09:52:03,867 [Worker-79: Building] INFO  o.e.m.c.i.embedder.EclipseLogger - skip non existing resourceDirectory D:\Desktop\Mphasis Client Session\Mentor Session 3\Workspace\SpringMVCWithORM\src\main\resources
2022-04-25 09:52:03,867 [Worker-79: Building] WARN  o.e.m.c.i.embedder.EclipseLogger - Using platform encoding (Cp1252 actually) to copy filtered resources, i.e. build is platform dependent!
2022-04-25 09:52:03,868 [Worker-79: Building] INFO  o.e.m.c.i.embedder.EclipseLogger - skip non existing resourceDirectory D:\Desktop\Mphasis Client Session\Mentor Session 3\Workspace\SpringMVCWithORM\src\test\resources
2022-04-25 09:52:22,401 [Worker-79: Building] WARN  o.e.m.c.i.embedder.EclipseLogger - Using platform encoding (Cp1252 actually) to copy filtered resources, i.e. build is platform dependent!
2022-04-25 09:52:22,402 [Worker-79: Building] INFO  o.e.m.c.i.embedder.EclipseLogger - skip non existing resourceDirectory D:\Desktop\Mphasis Client Session\Mentor Session 3\Workspace\SpringMVCWithORM\src\main\resources
2022-04-25 09:52:22,402 [Worker-79: Building] WARN  o.e.m.c.i.embedder.EclipseLogger - Using platform encoding (Cp1252 actually) to copy filtered resources, i.e. build is platform dependent!
2022-04-25 09:52:22,403 [Worker-79: Building] INFO  o.e.m.c.i.embedder.EclipseLogger - skip non existing resourceDirectory D:\Desktop\Mphasis Client Session\Mentor Session 3\Workspace\SpringMVCWithORM\src\test\resources
2022-04-25 09:55:38,794 [Worker-86: Building] WARN  o.e.m.c.i.embedder.EclipseLogger - Using platform encoding (Cp1252 actually) to copy filtered resources, i.e. build is platform dependent!
2022-04-25 09:55:38,795 [Worker-86: Building] INFO  o.e.m.c.i.embedder.EclipseLogger - skip non existing resourceDirectory D:\Desktop\Mphasis Client Session\Mentor Session 3\Workspace\SpringMVCWithORM\src\main\resources
2022-04-25 09:55:38,797 [Worker-86: Building] WARN  o.e.m.c.i.embedder.EclipseLogger - Using platform encoding (Cp1252 actually) to copy filtered resources, i.e. build is platform dependent!
2022-04-25 09:55:38,798 [Worker-86: Building] INFO  o.e.m.c.i.embedder.EclipseLogger - skip non existing resourceDirectory D:\Desktop\Mphasis Client Session\Mentor Session 3\Workspace\SpringMVCWithORM\src\test\resources
2022-04-25 09:57:53,710 [Worker-92: Building] WARN  o.e.m.c.i.embedder.EclipseLogger - Using platform encoding (Cp1252 actually) to copy filtered resources, i.e. build is platform dependent!
2022-04-25 09:57:53,711 [Worker-92: Building] INFO  o.e.m.c.i.embedder.EclipseLogger - skip non existing resourceDirectory D:\Desktop\Mphasis Client Session\Mentor Session 3\Workspace\SpringMVCWithORM\src\main\resources
2022-04-25 09:57:53,712 [Worker-92: Building] WARN  o.e.m.c.i.embedder.EclipseLogger - Using platform encoding (Cp1252 actually) to copy filtered resources, i.e. build is platform dependent!
2022-04-25 09:57:53,712 [Worker-92: Building] INFO  o.e.m.c.i.embedder.EclipseLogger - skip non existing resourceDirectory D:\Desktop\Mphasis Client Session\Mentor Session 3\Workspace\SpringMVCWithORM\src\test\resources
2022-04-25 09:58:00,132 [Worker-77: Building] WARN  o.e.m.c.i.embedder.EclipseLogger - Using platform encoding (Cp1252 actually) to copy filtered resources, i.e. build is platform dependent!
2022-04-25 09:58:00,133 [Worker-77: Building] INFO  o.e.m.c.i.embedder.EclipseLogger - skip non existing resourceDirectory D:\Desktop\Mphasis Client Session\Mentor Session 3\Workspace\SpringMVCWithORM\src\main\resources
2022-04-25 09:58:00,133 [Worker-77: Building] WARN  o.e.m.c.i.embedder.EclipseLogger - Using platform encoding (Cp1252 actually) to copy filtered resources, i.e. build is platform dependent!
2022-04-25 09:58:00,134 [Worker-77: Building] INFO  o.e.m.c.i.embedder.EclipseLogger - skip non existing resourceDirectory D:\Desktop\Mphasis Client Session\Mentor Session 3\Workspace\SpringMVCWithORM\src\test\resources
2022-04-25 09:58:07,407 [Worker-92: Building] WARN  o.e.m.c.i.embedder.EclipseLogger - Using platform encoding (Cp1252 actually) to copy filtered resources, i.e. build is platform dependent!
2022-04-25 09:58:07,407 [Worker-92: Building] INFO  o.e.m.c.i.embedder.EclipseLogger - skip non existing resourceDirectory D:\Desktop\Mphasis Client Session\Mentor Session 3\Workspace\SpringMVCWithORM\src\main\resources
2022-04-25 09:58:07,408 [Worker-92: Building] WARN  o.e.m.c.i.embedder.EclipseLogger - Using platform encoding (Cp1252 actually) to copy filtered resources, i.e. build is platform dependent!
2022-04-25 09:58:07,408 [Worker-92: Building] INFO  o.e.m.c.i.embedder.EclipseLogger - skip non existing resourceDirectory D:\Desktop\Mphasis Client Session\Mentor Session 3\Workspace\SpringMVCWithORM\src\test\resources
2022-04-25 09:59:53,391 [Worker-77: Building] WARN  o.e.m.c.i.embedder.EclipseLogger - Using platform encoding (Cp1252 actually) to copy filtered resources, i.e. build is platform dependent!
2022-04-25 09:59:53,392 [Worker-77: Building] INFO  o.e.m.c.i.embedder.EclipseLogger - skip non existing resourceDirectory D:\Desktop\Mphasis Client Session\Mentor Session 3\Workspace\SpringMVCWithORM\src\main\resources
2022-04-25 09:59:53,392 [Worker-77: Building] WARN  o.e.m.c.i.embedder.EclipseLogger - Using platform encoding (Cp1252 actually) to copy filtered resources, i.e. build is platform dependent!
2022-04-25 09:59:53,393 [Worker-77: Building] INFO  o.e.m.c.i.embedder.EclipseLogger - skip non existing resourceDirectory D:\Desktop\Mphasis Client Session\Mentor Session 3\Workspace\SpringMVCWithORM\src\test\resources
2022-04-25 10:00:27,999 [Worker-88: Building] WARN  o.e.m.c.i.embedder.EclipseLogger - Using platform encoding (Cp1252 actually) to copy filtered resources, i.e. build is platform dependent!
2022-04-25 10:00:28,000 [Worker-88: Building] INFO  o.e.m.c.i.embedder.EclipseLogger - skip non existing resourceDirectory D:\Desktop\Mphasis Client Session\Mentor Session 3\Workspace\SpringMVCWithORM\src\main\resources
2022-04-25 10:00:28,001 [Worker-88: Building] WARN  o.e.m.c.i.embedder.EclipseLogger - Using platform encoding (Cp1252 actually) to copy filtered resources, i.e. build is platform dependent!
2022-04-25 10:00:28,001 [Worker-88: Building] INFO  o.e.m.c.i.embedder.EclipseLogger - skip non existing resourceDirectory D:\Desktop\Mphasis Client Session\Mentor Session 3\Workspace\SpringMVCWithORM\src\test\resources
2022-04-25 10:01:17,857 [Worker-93: Building] WARN  o.e.m.c.i.embedder.EclipseLogger - Using platform encoding (Cp1252 actually) to copy filtered resources, i.e. build is platform dependent!
2022-04-25 10:01:17,858 [Worker-93: Building] INFO  o.e.m.c.i.embedder.EclipseLogger - skip non existing resourceDirectory D:\Desktop\Mphasis Client Session\Mentor Session 3\Workspace\SpringMVCWithORM\src\main\resources
2022-04-25 10:01:17,859 [Worker-93: Building] WARN  o.e.m.c.i.embedder.EclipseLogger - Using platform encoding (Cp1252 actually) to copy filtered resources, i.e. build is platform dependent!
2022-04-25 10:01:17,860 [Worker-93: Building] INFO  o.e.m.c.i.embedder.EclipseLogger - skip non existing resourceDirectory D:\Desktop\Mphasis Client Session\Mentor Session 3\Workspace\SpringMVCWithORM\src\test\resources
2022-04-25 10:02:13,220 [Worker-91: Building] WARN  o.e.m.c.i.embedder.EclipseLogger - Using platform encoding (Cp1252 actually) to copy filtered resources, i.e. build is platform dependent!
2022-04-25 10:02:13,221 [Worker-91: Building] INFO  o.e.m.c.i.embedder.EclipseLogger - skip non existing resourceDirectory D:\Desktop\Mphasis Client Session\Mentor Session 3\Workspace\SpringMVCWithORM\src\main\resources
2022-04-25 10:02:13,222 [Worker-91: Building] WARN  o.e.m.c.i.embedder.EclipseLogger - Using platform encoding (Cp1252 actually) to copy filtered resources, i.e. build is platform dependent!
2022-04-25 10:02:13,222 [Worker-91: Building] INFO  o.e.m.c.i.embedder.EclipseLogger - skip non existing resourceDirectory D:\Desktop\Mphasis Client Session\Mentor Session 3\Workspace\SpringMVCWithORM\src\test\resources
2022-04-25 10:04:32,303 [Worker-92: Building] WARN  o.e.m.c.i.embedder.EclipseLogger - Using platform encoding (Cp1252 actually) to copy filtered resources, i.e. build is platform dependent!
2022-04-25 10:04:32,304 [Worker-92: Building] INFO  o.e.m.c.i.embedder.EclipseLogger - skip non existing resourceDirectory D:\Desktop\Mphasis Client Session\Mentor Session 3\Workspace\SpringMVCWithORM\src\main\resources
2022-04-25 10:04:32,305 [Worker-92: Building] WARN  o.e.m.c.i.embedder.EclipseLogger - Using platform encoding (Cp1252 actually) to copy filtered resources, i.e. build is platform dependent!
2022-04-25 10:04:32,305 [Worker-92: Building] INFO  o.e.m.c.i.embedder.EclipseLogger - skip non existing resourceDirectory D:\Desktop\Mphasis Client Session\Mentor Session 3\Workspace\SpringMVCWithORM\src\test\resources
2022-04-25 10:05:20,859 [Worker-92: Building] WARN  o.e.m.c.i.embedder.EclipseLogger - Using platform encoding (Cp1252 actually) to copy filtered resources, i.e. build is platform dependent!
2022-04-25 10:05:20,859 [Worker-92: Building] INFO  o.e.m.c.i.embedder.EclipseLogger - skip non existing resourceDirectory D:\Desktop\Mphasis Client Session\Mentor Session 3\Workspace\SpringMVCWithORM\src\main\resources
2022-04-25 10:05:20,860 [Worker-92: Building] WARN  o.e.m.c.i.embedder.EclipseLogger - Using platform encoding (Cp1252 actually) to copy filtered resources, i.e. build is platform dependent!
2022-04-25 10:05:20,861 [Worker-92: Building] INFO  o.e.m.c.i.embedder.EclipseLogger - skip non existing resourceDirectory D:\Desktop\Mphasis Client Session\Mentor Session 3\Workspace\SpringMVCWithORM\src\test\resources
2022-04-25 10:05:52,696 [Worker-91: Building] WARN  o.e.m.c.i.embedder.EclipseLogger - Using platform encoding (Cp1252 actually) to copy filtered resources, i.e. build is platform dependent!
2022-04-25 10:05:52,697 [Worker-91: Building] INFO  o.e.m.c.i.embedder.EclipseLogger - skip non existing resourceDirectory D:\Desktop\Mphasis Client Session\Mentor Session 3\Workspace\SpringMVCWithORM\src\main\resources
2022-04-25 10:05:52,697 [Worker-91: Building] WARN  o.e.m.c.i.embedder.EclipseLogger - Using platform encoding (Cp1252 actually) to copy filtered resources, i.e. build is platform dependent!
2022-04-25 10:05:52,698 [Worker-91: Building] INFO  o.e.m.c.i.embedder.EclipseLogger - skip non existing resourceDirectory D:\Desktop\Mphasis Client Session\Mentor Session 3\Workspace\SpringMVCWithORM\src\test\resources
2022-04-25 10:08:29,169 [Worker-97: Building] WARN  o.e.m.c.i.embedder.EclipseLogger - Using platform encoding (Cp1252 actually) to copy filtered resources, i.e. build is platform dependent!
2022-04-25 10:08:29,169 [Worker-97: Building] INFO  o.e.m.c.i.embedder.EclipseLogger - skip non existing resourceDirectory D:\Desktop\Mphasis Client Session\Mentor Session 3\Workspace\SpringMVCWithORM\src\main\resources
2022-04-25 10:08:29,170 [Worker-97: Building] WARN  o.e.m.c.i.embedder.EclipseLogger - Using platform encoding (Cp1252 actually) to copy filtered resources, i.e. build is platform dependent!
2022-04-25 10:08:29,171 [Worker-97: Building] INFO  o.e.m.c.i.embedder.EclipseLogger - skip non existing resourceDirectory D:\Desktop\Mphasis Client Session\Mentor Session 3\Workspace\SpringMVCWithORM\src\test\resources
2022-04-25 10:08:56,938 [Worker-91: Building] WARN  o.e.m.c.i.embedder.EclipseLogger - Using platform encoding (Cp1252 actually) to copy filtered resources, i.e. build is platform dependent!
2022-04-25 10:08:56,939 [Worker-91: Building] INFO  o.e.m.c.i.embedder.EclipseLogger - skip non existing resourceDirectory D:\Desktop\Mphasis Client Session\Mentor Session 3\Workspace\SpringMVCWithORM\src\main\resources
2022-04-25 10:08:56,940 [Worker-91: Building] WARN  o.e.m.c.i.embedder.EclipseLogger - Using platform encoding (Cp1252 actually) to copy filtered resources, i.e. build is platform dependent!
2022-04-25 10:08:56,940 [Worker-91: Building] INFO  o.e.m.c.i.embedder.EclipseLogger - skip non existing resourceDirectory D:\Desktop\Mphasis Client Session\Mentor Session 3\Workspace\SpringMVCWithORM\src\test\resources
2022-04-25 10:10:11,454 [Worker-96: Building] WARN  o.e.m.c.i.embedder.EclipseLogger - Using platform encoding (Cp1252 actually) to copy filtered resources, i.e. build is platform dependent!
2022-04-25 10:10:11,455 [Worker-96: Building] INFO  o.e.m.c.i.embedder.EclipseLogger - skip non existing resourceDirectory D:\Desktop\Mphasis Client Session\Mentor Session 3\Workspace\SpringMVCWithORM\src\main\resources
2022-04-25 10:10:11,456 [Worker-96: Building] WARN  o.e.m.c.i.embedder.EclipseLogger - Using platform encoding (Cp1252 actually) to copy filtered resources, i.e. build is platform dependent!
2022-04-25 10:10:11,456 [Worker-96: Building] INFO  o.e.m.c.i.embedder.EclipseLogger - skip non existing resourceDirectory D:\Desktop\Mphasis Client Session\Mentor Session 3\Workspace\SpringMVCWithORM\src\test\resources
2022-04-25 10:10:32,836 [Worker-96: Building] WARN  o.e.m.c.i.embedder.EclipseLogger - Using platform encoding (Cp1252 actually) to copy filtered resources, i.e. build is platform dependent!
2022-04-25 10:10:32,836 [Worker-96: Building] INFO  o.e.m.c.i.embedder.EclipseLogger - skip non existing resourceDirectory D:\Desktop\Mphasis Client Session\Mentor Session 3\Workspace\SpringMVCWithORM\src\main\resources
2022-04-25 10:10:32,838 [Worker-96: Building] WARN  o.e.m.c.i.embedder.EclipseLogger - Using platform encoding (Cp1252 actually) to copy filtered resources, i.e. build is platform dependent!
2022-04-25 10:10:32,838 [Worker-96: Building] INFO  o.e.m.c.i.embedder.EclipseLogger - skip non existing resourceDirectory D:\Desktop\Mphasis Client Session\Mentor Session 3\Workspace\SpringMVCWithORM\src\test\resources
2022-04-25 10:10:57,674 [Worker-91: Building] WARN  o.e.m.c.i.embedder.EclipseLogger - Using platform encoding (Cp1252 actually) to copy filtered resources, i.e. build is platform dependent!
2022-04-25 10:10:57,675 [Worker-91: Building] INFO  o.e.m.c.i.embedder.EclipseLogger - skip non existing resourceDirectory D:\Desktop\Mphasis Client Session\Mentor Session 3\Workspace\SpringMVCWithORM\src\main\resources
2022-04-25 10:10:57,675 [Worker-91: Building] WARN  o.e.m.c.i.embedder.EclipseLogger - Using platform encoding (Cp1252 actually) to copy filtered resources, i.e. build is platform dependent!
2022-04-25 10:10:57,676 [Worker-91: Building] INFO  o.e.m.c.i.embedder.EclipseLogger - skip non existing resourceDirectory D:\Desktop\Mphasis Client Session\Mentor Session 3\Workspace\SpringMVCWithORM\src\test\resources
2022-04-25 10:11:28,980 [Worker-97: Building] WARN  o.e.m.c.i.embedder.EclipseLogger - Using platform encoding (Cp1252 actually) to copy filtered resources, i.e. build is platform dependent!
2022-04-25 10:11:28,981 [Worker-97: Building] INFO  o.e.m.c.i.embedder.EclipseLogger - skip non existing resourceDirectory D:\Desktop\Mphasis Client Session\Mentor Session 3\Workspace\SpringMVCWithORM\src\main\resources
2022-04-25 10:11:28,982 [Worker-97: Building] WARN  o.e.m.c.i.embedder.EclipseLogger - Using platform encoding (Cp1252 actually) to copy filtered resources, i.e. build is platform dependent!
2022-04-25 10:11:28,982 [Worker-97: Building] INFO  o.e.m.c.i.embedder.EclipseLogger - skip non existing resourceDirectory D:\Desktop\Mphasis Client Session\Mentor Session 3\Workspace\SpringMVCWithORM\src\test\resources
2022-04-25 10:12:08,349 [Worker-97: Building] INFO  o.e.m.c.i.l.LifecycleMappingFactory - Using org.maven.ide.eclipse.wtp.WarLifecycleMapping lifecycle mapping for MavenProject: SpringMVCWithORM:SpringMVCWithORM:0.0.1-SNAPSHOT @ D:\Desktop\Mphasis Client Session\Mentor Session 3\Workspace\SpringMVCWithORM\pom.xml.
2022-04-25 10:12:08,972 [Worker-97: Building] WARN  o.e.m.c.i.embedder.EclipseLogger - Using platform encoding (Cp1252 actually) to copy filtered resources, i.e. build is platform dependent!
2022-04-25 10:12:08,973 [Worker-97: Building] INFO  o.e.m.c.i.embedder.EclipseLogger - skip non existing resourceDirectory D:\Desktop\Mphasis Client Session\Mentor Session 3\Workspace\SpringMVCWithORM\src\main\resources
2022-04-25 10:12:08,975 [Worker-97: Building] WARN  o.e.m.c.i.embedder.EclipseLogger - Using platform encoding (Cp1252 actually) to copy filtered resources, i.e. build is platform dependent!
2022-04-25 10:12:08,975 [Worker-97: Building] INFO  o.e.m.c.i.embedder.EclipseLogger - skip non existing resourceDirectory D:\Desktop\Mphasis Client Session\Mentor Session 3\Workspace\SpringMVCWithORM\src\test\resources
2022-04-25 10:12:08,976 [Worker-97: Building] INFO  o.e.m.w.i.f.ResourceFilteringBuildParticipant - Changed resources require a complete clean of filtered resources of SpringMVCWithORM
2022-04-25 10:12:08,976 [Worker-97: Building] INFO  o.e.m.w.i.f.ResourceFilteringBuildParticipant - Executing resource filtering for SpringMVCWithORM
2022-04-25 10:12:08,979 [Worker-97: Building] WARN  o.e.m.c.i.embedder.EclipseLogger - Using platform encoding (Cp1252 actually) to copy filtered resources, i.e. build is platform dependent!
2022-04-25 10:12:10,584 [Worker-100: Building] WARN  o.e.m.c.i.embedder.EclipseLogger - Using platform encoding (Cp1252 actually) to copy filtered resources, i.e. build is platform dependent!
2022-04-25 10:12:10,585 [Worker-100: Building] INFO  o.e.m.c.i.embedder.EclipseLogger - skip non existing resourceDirectory D:\Desktop\Mphasis Client Session\Mentor Session 3\Workspace\SpringMVCWithORM\src\main\resources
2022-04-25 10:12:10,587 [Worker-100: Building] WARN  o.e.m.c.i.embedder.EclipseLogger - Using platform encoding (Cp1252 actually) to copy filtered resources, i.e. build is platform dependent!
2022-04-25 10:12:10,588 [Worker-100: Building] INFO  o.e.m.c.i.embedder.EclipseLogger - skip non existing resourceDirectory D:\Desktop\Mphasis Client Session\Mentor Session 3\Workspace\SpringMVCWithORM\src\test\resources
2022-04-25 10:12:42,720 [Worker-99: Building] INFO  o.e.m.c.i.l.LifecycleMappingFactory - Using org.maven.ide.eclipse.wtp.WarLifecycleMapping lifecycle mapping for MavenProject: SpringMVCWithORM:SpringMVCWithORM:0.0.1-SNAPSHOT @ D:\Desktop\Mphasis Client Session\Mentor Session 3\Workspace\SpringMVCWithORM\pom.xml.
2022-04-25 10:12:43,419 [Worker-99: Building] WARN  o.e.m.c.i.embedder.EclipseLogger - Using platform encoding (Cp1252 actually) to copy filtered resources, i.e. build is platform dependent!
2022-04-25 10:12:43,420 [Worker-99: Building] INFO  o.e.m.c.i.embedder.EclipseLogger - skip non existing resourceDirectory D:\Desktop\Mphasis Client Session\Mentor Session 3\Workspace\SpringMVCWithORM\src\main\resources
2022-04-25 10:12:43,422 [Worker-99: Building] WARN  o.e.m.c.i.embedder.EclipseLogger - Using platform encoding (Cp1252 actually) to copy filtered resources, i.e. build is platform dependent!
2022-04-25 10:12:43,423 [Worker-99: Building] INFO  o.e.m.c.i.embedder.EclipseLogger - skip non existing resourceDirectory D:\Desktop\Mphasis Client Session\Mentor Session 3\Workspace\SpringMVCWithORM\src\test\resources
2022-04-25 10:12:43,423 [Worker-99: Building] INFO  o.e.m.w.i.f.ResourceFilteringBuildParticipant - Changed resources require a complete clean of filtered resources of SpringMVCWithORM
2022-04-25 10:12:43,423 [Worker-99: Building] INFO  o.e.m.w.i.f.ResourceFilteringBuildParticipant - Executing resource filtering for SpringMVCWithORM
2022-04-25 10:12:43,427 [Worker-99: Building] WARN  o.e.m.c.i.embedder.EclipseLogger - Using platform encoding (Cp1252 actually) to copy filtered resources, i.e. build is platform dependent!
2022-04-25 10:12:44,262 [Worker-100: Building] WARN  o.e.m.c.i.embedder.EclipseLogger - Using platform encoding (Cp1252 actually) to copy filtered resources, i.e. build is platform dependent!
2022-04-25 10:12:44,263 [Worker-100: Building] INFO  o.e.m.c.i.embedder.EclipseLogger - skip non existing resourceDirectory D:\Desktop\Mphasis Client Session\Mentor Session 3\Workspace\SpringMVCWithORM\src\main\resources
2022-04-25 10:12:44,265 [Worker-100: Building] WARN  o.e.m.c.i.embedder.EclipseLogger - Using platform encoding (Cp1252 actually) to copy filtered resources, i.e. build is platform dependent!
2022-04-25 10:12:44,266 [Worker-100: Building] INFO  o.e.m.c.i.embedder.EclipseLogger - skip non existing resourceDirectory D:\Desktop\Mphasis Client Session\Mentor Session 3\Workspace\SpringMVCWithORM\src\test\resources
2022-04-25 10:13:03,320 [Worker-98: Building] INFO  o.e.m.c.i.l.LifecycleMappingFactory - Using org.maven.ide.eclipse.wtp.WarLifecycleMapping lifecycle mapping for MavenProject: SpringMVCWithORM:SpringMVCWithORM:0.0.1-SNAPSHOT @ D:\Desktop\Mphasis Client Session\Mentor Session 3\Workspace\SpringMVCWithORM\pom.xml.
2022-04-25 10:13:03,985 [Worker-98: Building] WARN  o.e.m.c.i.embedder.EclipseLogger - Using platform encoding (Cp1252 actually) to copy filtered resources, i.e. build is platform dependent!
2022-04-25 10:13:03,986 [Worker-98: Building] INFO  o.e.m.c.i.embedder.EclipseLogger - skip non existing resourceDirectory D:\Desktop\Mphasis Client Session\Mentor Session 3\Workspace\SpringMVCWithORM\src\main\resources
2022-04-25 10:13:03,988 [Worker-98: Building] WARN  o.e.m.c.i.embedder.EclipseLogger - Using platform encoding (Cp1252 actually) to copy filtered resources, i.e. build is platform dependent!
2022-04-25 10:13:03,988 [Worker-98: Building] INFO  o.e.m.c.i.embedder.EclipseLogger - skip non existing resourceDirectory D:\Desktop\Mphasis Client Session\Mentor Session 3\Workspace\SpringMVCWithORM\src\test\resources
2022-04-25 10:13:03,989 [Worker-98: Building] INFO  o.e.m.w.i.f.ResourceFilteringBuildParticipant - Changed resources require a complete clean of filtered resources of SpringMVCWithORM
2022-04-25 10:13:03,989 [Worker-98: Building] INFO  o.e.m.w.i.f.ResourceFilteringBuildParticipant - Executing resource filtering for SpringMVCWithORM
2022-04-25 10:13:03,992 [Worker-98: Building] WARN  o.e.m.c.i.embedder.EclipseLogger - Using platform encoding (Cp1252 actually) to copy filtered resources, i.e. build is platform dependent!
2022-04-25 10:13:04,513 [Worker-91: Building] WARN  o.e.m.c.i.embedder.EclipseLogger - Using platform encoding (Cp1252 actually) to copy filtered resources, i.e. build is platform dependent!
2022-04-25 10:13:04,514 [Worker-91: Building] INFO  o.e.m.c.i.embedder.EclipseLogger - skip non existing resourceDirectory D:\Desktop\Mphasis Client Session\Mentor Session 3\Workspace\SpringMVCWithORM\src\main\resources
2022-04-25 10:13:04,515 [Worker-91: Building] WARN  o.e.m.c.i.embedder.EclipseLogger - Using platform encoding (Cp1252 actually) to copy filtered resources, i.e. build is platform dependent!
2022-04-25 10:13:04,516 [Worker-91: Building] INFO  o.e.m.c.i.embedder.EclipseLogger - skip non existing resourceDirectory D:\Desktop\Mphasis Client Session\Mentor Session 3\Workspace\SpringMVCWithORM\src\test\resources
2022-04-25 10:13:12,423 [Worker-101: Building] INFO  o.e.m.c.i.l.LifecycleMappingFactory - Using org.maven.ide.eclipse.wtp.WarLifecycleMapping lifecycle mapping for MavenProject: SpringMVCWithORM:SpringMVCWithORM:0.0.1-SNAPSHOT @ D:\Desktop\Mphasis Client Session\Mentor Session 3\Workspace\SpringMVCWithORM\pom.xml.
2022-04-25 10:13:13,051 [Worker-101: Building] WARN  o.e.m.c.i.embedder.EclipseLogger - Using platform encoding (Cp1252 actually) to copy filtered resources, i.e. build is platform dependent!
2022-04-25 10:13:13,052 [Worker-101: Building] INFO  o.e.m.c.i.embedder.EclipseLogger - skip non existing resourceDirectory D:\Desktop\Mphasis Client Session\Mentor Session 3\Workspace\SpringMVCWithORM\src\main\resources
2022-04-25 10:13:13,054 [Worker-101: Building] WARN  o.e.m.c.i.embedder.EclipseLogger - Using platform encoding (Cp1252 actually) to copy filtered resources, i.e. build is platform dependent!
2022-04-25 10:13:13,055 [Worker-101: Building] INFO  o.e.m.c.i.embedder.EclipseLogger - skip non existing resourceDirectory D:\Desktop\Mphasis Client Session\Mentor Session 3\Workspace\SpringMVCWithORM\src\test\resources
2022-04-25 10:13:13,055 [Worker-101: Building] INFO  o.e.m.w.i.f.ResourceFilteringBuildParticipant - Changed resources require a complete clean of filtered resources of SpringMVCWithORM
2022-04-25 10:13:13,055 [Worker-101: Building] INFO  o.e.m.w.i.f.ResourceFilteringBuildParticipant - Executing resource filtering for SpringMVCWithORM
2022-04-25 10:13:13,060 [Worker-101: Building] WARN  o.e.m.c.i.embedder.EclipseLogger - Using platform encoding (Cp1252 actually) to copy filtered resources, i.e. build is platform dependent!
2022-04-25 10:14:12,054 [Worker-102: Updating Maven Project] INFO  o.e.m.c.i.p.ProjectConfigurationManager - Update started
2022-04-25 10:14:12,354 [Worker-102: Updating Maven Project] INFO  o.e.m.c.i.l.LifecycleMappingFactory - Using org.maven.ide.eclipse.wtp.WarLifecycleMapping lifecycle mapping for MavenProject: SpringMVCWithORM:SpringMVCWithORM:0.0.1-SNAPSHOT @ D:\Desktop\Mphasis Client Session\Mentor Session 3\Workspace\SpringMVCWithORM\pom.xml.
2022-04-25 10:14:13,055 [Worker-102: Updating Maven Project] INFO  o.e.m.j.i.AbstractJavaProjectConfigurator - Adding source folder /SpringMVCWithORM/src
2022-04-25 10:14:13,055 [Worker-102: Updating Maven Project] INFO  o.e.m.j.i.AbstractJavaProjectConfigurator - Not adding source folder /SpringMVCWithORM/src/test/java because it overlaps with /SpringMVCWithORM/src
2022-04-25 10:14:13,442 [Worker-102: Updating Maven Project] INFO  o.e.m.w.i.f.ResourceFilteringBuildParticipant - Cleaning filtered folder for SpringMVCWithORM
2022-04-25 10:14:13,449 [Worker-102: Updating Maven Project] INFO  o.e.m.c.i.p.ProjectConfigurationManager - Update completed: 1 sec
2022-04-25 10:14:14,293 [Worker-77: Building] WARN  o.e.m.c.i.embedder.EclipseLogger - Using platform encoding (Cp1252 actually) to copy filtered resources, i.e. build is platform dependent!
2022-04-25 10:14:14,294 [Worker-77: Building] INFO  o.e.m.c.i.embedder.EclipseLogger - skip non existing resourceDirectory D:\Desktop\Mphasis Client Session\Mentor Session 3\Workspace\SpringMVCWithORM\src\main\resources
2022-04-25 10:14:14,295 [Worker-77: Building] WARN  o.e.m.c.i.embedder.EclipseLogger - Using platform encoding (Cp1252 actually) to copy filtered resources, i.e. build is platform dependent!
2022-04-25 10:14:14,296 [Worker-77: Building] INFO  o.e.m.c.i.embedder.EclipseLogger - skip non existing resourceDirectory D:\Desktop\Mphasis Client Session\Mentor Session 3\Workspace\SpringMVCWithORM\src\test\resources
2022-04-25 10:14:14,296 [Worker-77: Building] INFO  o.e.m.w.i.f.ResourceFilteringBuildParticipant - Changed resources require a complete clean of filtered resources of SpringMVCWithORM
2022-04-25 10:14:14,296 [Worker-77: Building] INFO  o.e.m.w.i.f.ResourceFilteringBuildParticipant - Executing resource filtering for SpringMVCWithORM
2022-04-25 10:14:14,300 [Worker-77: Building] WARN  o.e.m.c.i.embedder.EclipseLogger - Using platform encoding (Cp1252 actually) to copy filtered resources, i.e. build is platform dependent!
2022-04-25 10:14:44,108 [Worker-97: Building] WARN  o.e.m.c.i.embedder.EclipseLogger - Using platform encoding (Cp1252 actually) to copy filtered resources, i.e. build is platform dependent!
2022-04-25 10:14:44,109 [Worker-97: Building] INFO  o.e.m.c.i.embedder.EclipseLogger - skip non existing resourceDirectory D:\Desktop\Mphasis Client Session\Mentor Session 3\Workspace\SpringMVCWithORM\src\main\resources
2022-04-25 10:14:44,109 [Worker-97: Building] WARN  o.e.m.c.i.embedder.EclipseLogger - Using platform encoding (Cp1252 actually) to copy filtered resources, i.e. build is platform dependent!
2022-04-25 10:14:44,110 [Worker-97: Building] INFO  o.e.m.c.i.embedder.EclipseLogger - skip non existing resourceDirectory D:\Desktop\Mphasis Client Session\Mentor Session 3\Workspace\SpringMVCWithORM\src\test\resources
2022-04-25 10:15:54,335 [Worker-77: Building] WARN  o.e.m.c.i.embedder.EclipseLogger - Using platform encoding (Cp1252 actually) to copy filtered resources, i.e. build is platform dependent!
2022-04-25 10:15:54,337 [Worker-77: Building] INFO  o.e.m.c.i.embedder.EclipseLogger - skip non existing resourceDirectory D:\Desktop\Mphasis Client Session\Mentor Session 3\Workspace\SpringMVCWithORM\src\main\resources
2022-04-25 10:15:54,338 [Worker-77: Building] WARN  o.e.m.c.i.embedder.EclipseLogger - Using platform encoding (Cp1252 actually) to copy filtered resources, i.e. build is platform dependent!
2022-04-25 10:15:54,338 [Worker-77: Building] INFO  o.e.m.c.i.embedder.EclipseLogger - skip non existing resourceDirectory D:\Desktop\Mphasis Client Session\Mentor Session 3\Workspace\SpringMVCWithORM\src\test\resources
2022-04-25 10:20:41,898 [Worker-101: Building] WARN  o.e.m.c.i.embedder.EclipseLogger - Using platform encoding (Cp1252 actually) to copy filtered resources, i.e. build is platform dependent!
2022-04-25 10:20:41,899 [Worker-101: Building] INFO  o.e.m.c.i.embedder.EclipseLogger - skip non existing resourceDirectory D:\Desktop\Mphasis Client Session\Mentor Session 3\Workspace\SpringMVCWithORM\src\main\resources
2022-04-25 10:20:41,900 [Worker-101: Building] WARN  o.e.m.c.i.embedder.EclipseLogger - Using platform encoding (Cp1252 actually) to copy filtered resources, i.e. build is platform dependent!
2022-04-25 10:20:41,900 [Worker-101: Building] INFO  o.e.m.c.i.embedder.EclipseLogger - skip non existing resourceDirectory D:\Desktop\Mphasis Client Session\Mentor Session 3\Workspace\SpringMVCWithORM\src\test\resources
2022-04-25 10:21:06,866 [Worker-105: Building] WARN  o.e.m.c.i.embedder.EclipseLogger - Using platform encoding (Cp1252 actually) to copy filtered resources, i.e. build is platform dependent!
2022-04-25 10:21:06,867 [Worker-105: Building] INFO  o.e.m.c.i.embedder.EclipseLogger - skip non existing resourceDirectory D:\Desktop\Mphasis Client Session\Mentor Session 3\Workspace\SpringMVCWithORM\src\main\resources
2022-04-25 10:21:06,867 [Worker-105: Building] WARN  o.e.m.c.i.embedder.EclipseLogger - Using platform encoding (Cp1252 actually) to copy filtered resources, i.e. build is platform dependent!
2022-04-25 10:21:06,868 [Worker-105: Building] INFO  o.e.m.c.i.embedder.EclipseLogger - skip non existing resourceDirectory D:\Desktop\Mphasis Client Session\Mentor Session 3\Workspace\SpringMVCWithORM\src\test\resources
2022-04-25 10:25:28,559 [Worker-107: Building] WARN  o.e.m.c.i.embedder.EclipseLogger - Using platform encoding (Cp1252 actually) to copy filtered resources, i.e. build is platform dependent!
2022-04-25 10:25:28,560 [Worker-107: Building] INFO  o.e.m.c.i.embedder.EclipseLogger - skip non existing resourceDirectory D:\Desktop\Mphasis Client Session\Mentor Session 3\Workspace\SpringMVCWithORM\src\main\resources
2022-04-25 10:25:28,561 [Worker-107: Building] WARN  o.e.m.c.i.embedder.EclipseLogger - Using platform encoding (Cp1252 actually) to copy filtered resources, i.e. build is platform dependent!
2022-04-25 10:25:28,562 [Worker-107: Building] INFO  o.e.m.c.i.embedder.EclipseLogger - skip non existing resourceDirectory D:\Desktop\Mphasis Client Session\Mentor Session 3\Workspace\SpringMVCWithORM\src\test\resources
2022-04-25 10:27:12,417 [Worker-111: Building] WARN  o.e.m.c.i.embedder.EclipseLogger - Using platform encoding (Cp1252 actually) to copy filtered resources, i.e. build is platform dependent!
2022-04-25 10:27:12,418 [Worker-111: Building] INFO  o.e.m.c.i.embedder.EclipseLogger - skip non existing resourceDirectory D:\Desktop\Mphasis Client Session\Mentor Session 3\Workspace\SpringMVCWithORM\src\main\resources
2022-04-25 10:27:12,418 [Worker-111: Building] WARN  o.e.m.c.i.embedder.EclipseLogger - Using platform encoding (Cp1252 actually) to copy filtered resources, i.e. build is platform dependent!
2022-04-25 10:27:12,418 [Worker-111: Building] INFO  o.e.m.c.i.embedder.EclipseLogger - skip non existing resourceDirectory D:\Desktop\Mphasis Client Session\Mentor Session 3\Workspace\SpringMVCWithORM\src\test\resources
2022-04-25 10:33:02,425 [Worker-110: Building] WARN  o.e.m.c.i.embedder.EclipseLogger - Using platform encoding (Cp1252 actually) to copy filtered resources, i.e. build is platform dependent!
2022-04-25 10:33:02,425 [Worker-110: Building] INFO  o.e.m.c.i.embedder.EclipseLogger - skip non existing resourceDirectory D:\Desktop\Mphasis Client Session\Mentor Session 3\Workspace\SpringMVCWithORM\src\main\resources
2022-04-25 10:33:02,426 [Worker-110: Building] WARN  o.e.m.c.i.embedder.EclipseLogger - Using platform encoding (Cp1252 actually) to copy filtered resources, i.e. build is platform dependent!
2022-04-25 10:33:02,426 [Worker-110: Building] INFO  o.e.m.c.i.embedder.EclipseLogger - skip non existing resourceDirectory D:\Desktop\Mphasis Client Session\Mentor Session 3\Workspace\SpringMVCWithORM\src\test\resources
2022-04-25 10:36:10,025 [Worker-115: Building] WARN  o.e.m.c.i.embedder.EclipseLogger - Using platform encoding (Cp1252 actually) to copy filtered resources, i.e. build is platform dependent!
2022-04-25 10:36:10,026 [Worker-115: Building] INFO  o.e.m.c.i.embedder.EclipseLogger - skip non existing resourceDirectory D:\Desktop\Mphasis Client Session\Mentor Session 3\Workspace\SpringMVCWithORM\src\main\resources
2022-04-25 10:36:10,026 [Worker-115: Building] WARN  o.e.m.c.i.embedder.EclipseLogger - Using platform encoding (Cp1252 actually) to copy filtered resources, i.e. build is platform dependent!
2022-04-25 10:36:10,027 [Worker-115: Building] INFO  o.e.m.c.i.embedder.EclipseLogger - skip non existing resourceDirectory D:\Desktop\Mphasis Client Session\Mentor Session 3\Workspace\SpringMVCWithORM\src\test\resources
2022-04-25 10:37:03,708 [Worker-110: Building] WARN  o.e.m.c.i.embedder.EclipseLogger - Using platform encoding (Cp1252 actually) to copy filtered resources, i.e. build is platform dependent!
2022-04-25 10:37:03,709 [Worker-110: Building] INFO  o.e.m.c.i.embedder.EclipseLogger - skip non existing resourceDirectory D:\Desktop\Mphasis Client Session\Mentor Session 3\Workspace\SpringMVCWithORM\src\main\resources
2022-04-25 10:37:03,709 [Worker-110: Building] WARN  o.e.m.c.i.embedder.EclipseLogger - Using platform encoding (Cp1252 actually) to copy filtered resources, i.e. build is platform dependent!
2022-04-25 10:37:03,710 [Worker-110: Building] INFO  o.e.m.c.i.embedder.EclipseLogger - skip non existing resourceDirectory D:\Desktop\Mphasis Client Session\Mentor Session 3\Workspace\SpringMVCWithORM\src\test\resources
2022-04-25 10:39:34,951 [Worker-123: Building] WARN  o.e.m.c.i.embedder.EclipseLogger - Using platform encoding (Cp1252 actually) to copy filtered resources, i.e. build is platform dependent!
2022-04-25 10:39:34,952 [Worker-123: Building] INFO  o.e.m.c.i.embedder.EclipseLogger - skip non existing resourceDirectory D:\Desktop\Mphasis Client Session\Mentor Session 3\Workspace\SpringMVCWithORM\src\main\resources
2022-04-25 10:39:34,952 [Worker-123: Building] WARN  o.e.m.c.i.embedder.EclipseLogger - Using platform encoding (Cp1252 actually) to copy filtered resources, i.e. build is platform dependent!
2022-04-25 10:39:34,953 [Worker-123: Building] INFO  o.e.m.c.i.embedder.EclipseLogger - skip non existing resourceDirectory D:\Desktop\Mphasis Client Session\Mentor Session 3\Workspace\SpringMVCWithORM\src\test\resources
2022-04-25 10:40:56,027 [Worker-115: Building] WARN  o.e.m.c.i.embedder.EclipseLogger - Using platform encoding (Cp1252 actually) to copy filtered resources, i.e. build is platform dependent!
2022-04-25 10:40:56,028 [Worker-115: Building] INFO  o.e.m.c.i.embedder.EclipseLogger - skip non existing resourceDirectory D:\Desktop\Mphasis Client Session\Mentor Session 3\Workspace\SpringMVCWithORM\src\main\resources
2022-04-25 10:40:56,029 [Worker-115: Building] WARN  o.e.m.c.i.embedder.EclipseLogger - Using platform encoding (Cp1252 actually) to copy filtered resources, i.e. build is platform dependent!
2022-04-25 10:40:56,030 [Worker-115: Building] INFO  o.e.m.c.i.embedder.EclipseLogger - skip non existing resourceDirectory D:\Desktop\Mphasis Client Session\Mentor Session 3\Workspace\SpringMVCWithORM\src\test\resources
2022-04-25 10:41:06,274 [Worker-115: Building] WARN  o.e.m.c.i.embedder.EclipseLogger - Using platform encoding (Cp1252 actually) to copy filtered resources, i.e. build is platform dependent!
2022-04-25 10:41:06,275 [Worker-115: Building] INFO  o.e.m.c.i.embedder.EclipseLogger - skip non existing resourceDirectory D:\Desktop\Mphasis Client Session\Mentor Session 3\Workspace\SpringMVCWithORM\src\main\resources
2022-04-25 10:41:06,275 [Worker-115: Building] WARN  o.e.m.c.i.embedder.EclipseLogger - Using platform encoding (Cp1252 actually) to copy filtered resources, i.e. build is platform dependent!
2022-04-25 10:41:06,276 [Worker-115: Building] INFO  o.e.m.c.i.embedder.EclipseLogger - skip non existing resourceDirectory D:\Desktop\Mphasis Client Session\Mentor Session 3\Workspace\SpringMVCWithORM\src\test\resources
2022-04-25 10:43:05,628 [Worker-121: Building] WARN  o.e.m.c.i.embedder.EclipseLogger - Using platform encoding (Cp1252 actually) to copy filtered resources, i.e. build is platform dependent!
2022-04-25 10:43:05,629 [Worker-121: Building] INFO  o.e.m.c.i.embedder.EclipseLogger - skip non existing resourceDirectory D:\Desktop\Mphasis Client Session\Mentor Session 3\Workspace\SpringMVCWithORM\src\main\resources
2022-04-25 10:43:05,629 [Worker-121: Building] WARN  o.e.m.c.i.embedder.EclipseLogger - Using platform encoding (Cp1252 actually) to copy filtered resources, i.e. build is platform dependent!
2022-04-25 10:43:05,630 [Worker-121: Building] INFO  o.e.m.c.i.embedder.EclipseLogger - skip non existing resourceDirectory D:\Desktop\Mphasis Client Session\Mentor Session 3\Workspace\SpringMVCWithORM\src\test\resources
2022-04-25 10:45:04,859 [Worker-124: Building] WARN  o.e.m.c.i.embedder.EclipseLogger - Using platform encoding (Cp1252 actually) to copy filtered resources, i.e. build is platform dependent!
2022-04-25 10:45:04,860 [Worker-124: Building] INFO  o.e.m.c.i.embedder.EclipseLogger - skip non existing resourceDirectory D:\Desktop\Mphasis Client Session\Mentor Session 3\Workspace\SpringMVCWithORM\src\main\resources
2022-04-25 10:45:04,861 [Worker-124: Building] WARN  o.e.m.c.i.embedder.EclipseLogger - Using platform encoding (Cp1252 actually) to copy filtered resources, i.e. build is platform dependent!
2022-04-25 10:45:04,862 [Worker-124: Building] INFO  o.e.m.c.i.embedder.EclipseLogger - skip non existing resourceDirectory D:\Desktop\Mphasis Client Session\Mentor Session 3\Workspace\SpringMVCWithORM\src\test\resources
